  MonsterWorldGame.cpp
C:\Users\Gunnung\Desktop\Week8_Homework.1\Week8_Homework.1\Canvas.h(24,19): warning C4114: 동일한 형식 한정자를 두 번 이상 사용했습니다.
C:\Users\Gunnung\Desktop\Week8_Homework.1\Week8_Homework.1\Matrix.h(24,6): error C2365: 'Matrix::cols': 재정의: 이전 정의는 '데이터 멤버'입니다.
C:\Users\Gunnung\Desktop\Week8_Homework.1\Week8_Homework.1\Matrix.h(7): message : 'Matrix::cols' 선언을 참조하십시오.
C:\Users\Gunnung\Desktop\Week8_Homework.1\Week8_Homework.1\Matrix.h(24,15): error C2059: 구문 오류: 'return'
C:\Users\Gunnung\Desktop\Week8_Homework.1\Week8_Homework.1\Matrix.h(24,26): error C2238: ';' 앞에 예기치 않은 토큰이 있습니다.
C:\Users\Gunnung\Desktop\Week8_Homework.1\Week8_Homework.1\Matrix.h(25,2): error C2628: 'Matrix' 다음에 'int'이(가) 올 수 없습니다. ';'이 있어야 합니다.
C:\Users\Gunnung\Desktop\Week8_Homework.1\Week8_Homework.1\Matrix.h(25,24): error C2065: 'mat': 선언되지 않은 식별자입니다.
C:\Users\Gunnung\Desktop\Week8_Homework.1\Week8_Homework.1\Matrix.h(27,25): error C2065: 'rows': 선언되지 않은 식별자입니다.
C:\Users\Gunnung\Desktop\Week8_Homework.1\Week8_Homework.1\Matrix.h(27,40): error C2065: 'cols': 선언되지 않은 식별자입니다.
C:\Users\Gunnung\Desktop\Week8_Homework.1\Week8_Homework.1\Matrix.h(28,23): error C2065: 'rows': 선언되지 않은 식별자입니다.
C:\Users\Gunnung\Desktop\Week8_Homework.1\Week8_Homework.1\Matrix.h(29,24): error C2065: 'cols': 선언되지 않은 식별자입니다.
C:\Users\Gunnung\Desktop\Week8_Homework.1\Week8_Homework.1\Matrix.h(30,24): error C2065: 'mat': 선언되지 않은 식별자입니다.
C:\Users\Gunnung\Desktop\Week8_Homework.1\Week8_Homework.1\Matrix.h(35,7): error C2065: 'mat': 선언되지 않은 식별자입니다.
C:\Users\Gunnung\Desktop\Week8_Homework.1\Week8_Homework.1\Matrix.h(36,24): error C2065: 'rows': 선언되지 않은 식별자입니다.
C:\Users\Gunnung\Desktop\Week8_Homework.1\Week8_Homework.1\Matrix.h(37,25): error C2065: 'cols': 선언되지 않은 식별자입니다.
C:\Users\Gunnung\Desktop\Week8_Homework.1\Week8_Homework.1\Matrix.h(38,6): error C2065: 'mat': 선언되지 않은 식별자입니다.
C:\Users\Gunnung\Desktop\Week8_Homework.1\Week8_Homework.1\Matrix.h(41,1): error C2059: 구문 오류: '}'
C:\Users\Gunnung\Desktop\Week8_Homework.1\Week8_Homework.1\Matrix.h(41,1): error C2143: 구문 오류: ';'이(가) '}' 앞에 없습니다.
C:\Users\Gunnung\Desktop\Week8_Homework.1\Week8_Homework.1\MonsterWorld.h(58,25): error C2039: 'Data': 'Matrix'의 멤버가 아닙니다.
C:\Users\Gunnung\Desktop\Week8_Homework.1\Week8_Homework.1\Matrix.h(6): message : 'Matrix' 선언을 참조하십시오.
C:\Users\Gunnung\Desktop\Week8_Homework.1\Week8_Homework.1\MonsterWorldGame.cpp(4,1): warning C4326: 'main'의 반환 형식이 'int'이어야 하는데 'void'입니다.
